<?xml version="1.0" encoding="UTF-8"?>
<!-- Generated by org.testng.reporters.JUnitReportReporter -->
<testsuite hostname="DESKTOP-VCK713F" failures="0" tests="1" name="testPackage.schoolLogin" time="11.217" errors="0" timestamp="2022-09-29T12:24:44 IST" skipped="0">
  <testcase classname="testPackage.schoolLogin" name="validSchoolLogin" time="11.217"/>
  <system-out/>
</testsuite> <!-- testPackage.schoolLogin -->
