<?xml version="1.0" encoding="UTF-8"?>
<!-- Generated by org.testng.reporters.JUnitReportReporter -->
<testsuite hostname="DESKTOP-VCK713F" failures="0" tests="1" name="testPackage.StudentRegi" time="11.778" errors="0" timestamp="2022-10-07T14:00:14 IST" skipped="0">
  <testcase classname="testPackage.StudentRegi" name="validSchoolLogin" time="11.778"/>
  <system-out/>
</testsuite> <!-- testPackage.StudentRegi -->
