<?xml version="1.0" encoding="UTF-8"?>
<!-- Generated by org.testng.reporters.JUnitReportReporter -->
<testsuite hostname="DESKTOP-VCK713F" failures="0" tests="1" name="test" time="3.046" errors="0" timestamp="2022-09-20T17:32:28 IST" skipped="0">
  <testcase classname="test" name="test" time="3.046"/>
  <system-out/>
</testsuite> <!-- test -->
